so 24. 3 15:27:15 2012 DEBUG Looking up server for domain jabber.cz
so 24. 3 15:27:15 2012 INFO Connecting to lb1-hap.jabbim.cz:5222
so 24. 3 15:27:15 2012 INFO Socket connected to 88.86.102.50 5222
so 24. 3 15:27:15 2012 SENT <?xml version='1.0'?><stream:stream to='jabber.cz' xmlns='jabber:client' xmlns:stream='http://etherx.jabber.org/streams' version='1.0'>
so 24. 3 15:27:15 2012 RECEIVED <?xml version='1.0'?><stream:stream xmlns='jabber:client' xmlns:stream='http://etherx.jabber.org/streams' id='2242536087' from='jabber.cz' version='1.0' xml:lang='en'>
so 24. 3 15:27:15 2012 RECEIVED <stream:features><starttls xmlns='urn:ietf:params:xml:ns:xmpp-tls'/><compression xmlns='http://jabber.org/features/compress'><method>zlib</method></compression><mechanisms xmlns='urn:ietf:params:xml:ns:xmpp-sasl'><mechanism>PLAIN</mechanism><mechanism>DIGEST-MD5</mechanism><mechanism>SCRAM-SHA-1</mechanism></mechanisms><c xmlns='http://jabber.org/protocol/caps' hash='sha-1' node='http://www.process-one.net/en/ejabberd/' ver='giXiI0Ix9pWMXsJM+1JE3oB88u4='/><register xmlns='http://jabber.org/features/iq-register'/></stream:features>
so 24. 3 15:27:15 2012 SENT <starttls xmlns='urn:ietf:params:xml:ns:xmpp-tls'/>
so 24. 3 15:27:15 2012 RECEIVED <proceed xmlns='urn:ietf:params:xml:ns:xmpp-tls'/>
so 24. 3 15:27:15 2012 DEBUG Starting encryption
so 24. 3 15:27:15 2012 WARNING SSL errors
so 24. 3 15:27:15 2012 WARNING The host name did not match any of the valid hosts for this certificate
so 24. 3 15:27:15 2012 WARNING No error
so 24. 3 15:27:15 2012 DEBUG Socket encrypted
so 24. 3 15:27:15 2012 SENT <?xml version='1.0'?><stream:stream to='jabber.cz' xmlns='jabber:client' xmlns:stream='http://etherx.jabber.org/streams' version='1.0'>
so 24. 3 15:27:15 2012 RECEIVED <?xml version='1.0'?><stream:stream xmlns='jabber:client' xmlns:stream='http://etherx.jabber.org/streams' id='1458956355' from='jabber.cz' version='1.0' xml:lang='en'>
so 24. 3 15:27:15 2012 RECEIVED <stream:features><compression xmlns='http://jabber.org/features/compress'><method>zlib</method></compression><mechanisms xmlns='urn:ietf:params:xml:ns:xmpp-sasl'><mechanism>PLAIN</mechanism><mechanism>DIGEST-MD5</mechanism><mechanism>SCRAM-SHA-1</mechanism></mechanisms><c xmlns='http://jabber.org/protocol/caps' hash='sha-1' node='http://www.process-one.net/en/ejabberd/' ver='giXiI0Ix9pWMXsJM+1JE3oB88u4='/><register xmlns='http://jabber.org/features/iq-register'/></stream:features>
so 24. 3 15:27:15 2012 SENT <auth xmlns='urn:ietf:params:xml:ns:xmpp-sasl' mechanism='DIGEST-MD5'/>
so 24. 3 15:27:15 2012 RECEIVED <challenge xmlns='urn:ietf:params:xml:ns:xmpp-sasl'>bm9uY2U9IjE2Njc3MDA3OTMiLHFvcD0iYXV0aCIsY2hhcnNldD11dGYtOCxhbGdvcml0aG09bWQ1LXNlc3M=</challenge>
so 24. 3 15:27:15 2012 SENT <response xmlns='urn:ietf:params:xml:ns:xmpp-sasl'>Y2hhcnNldD11dGYtOCxjbm9uY2U9ImpBcTFJWU00b0FQenFBK2x3WnpSVzBOc1VmNE92dzlIdDgvYnZJQU5IMHc9IixkaWdlc3QtdXJpPSJ4bXBwL2phYmJlci5jeiIsbmM9MDAwMDAwMDEsbm9uY2U9MTY2NzcwMDc5Myxxb3A9YXV0aCxyZXNwb25zZT1jMjcyN2E4M2UyNmRmYjViMmYwYmU3ZjExYzMxNjhiZCx1c2VybmFtZT1jZW50cmFsdXNlcjE=</response>
so 24. 3 15:27:15 2012 RECEIVED <challenge xmlns='urn:ietf:params:xml:ns:xmpp-sasl'>cnNwYXV0aD0yMWVjMGUzNThiODgyYTY2NGJiOGViNTYzZjBlYzBkYg==</challenge>
so 24. 3 15:27:15 2012 SENT <response xmlns='urn:ietf:params:xml:ns:xmpp-sasl'/>
so 24. 3 15:27:15 2012 RECEIVED <success xmlns='urn:ietf:params:xml:ns:xmpp-sasl'/>
so 24. 3 15:27:15 2012 DEBUG Authenticated
so 24. 3 15:27:15 2012 SENT <?xml version='1.0'?><stream:stream to='jabber.cz' xmlns='jabber:client' xmlns:stream='http://etherx.jabber.org/streams' version='1.0'>
so 24. 3 15:27:15 2012 RECEIVED <?xml version='1.0'?><stream:stream xmlns='jabber:client' xmlns:stream='http://etherx.jabber.org/streams' id='375910674' from='jabber.cz' version='1.0' xml:lang='en'>
so 24. 3 15:27:15 2012 RECEIVED <stream:features><bind xmlns='urn:ietf:params:xml:ns:xmpp-bind'/><session xmlns='urn:ietf:params:xml:ns:xmpp-session'/><ver xmlns='urn:xmpp:features:rosterver'><optional/></ver><c xmlns='http://jabber.org/protocol/caps' hash='sha-1' node='http://www.process-one.net/en/ejabberd/' ver='giXiI0Ix9pWMXsJM+1JE3oB88u4='/><register xmlns='http://jabber.org/features/iq-register'/></stream:features>
so 24. 3 15:27:15 2012 SENT <iq id="qxmpp3" type="set"><bind xmlns="urn:ietf:params:xml:ns:xmpp-bind"><resource>QXmpp</resource></bind></iq>
so 24. 3 15:27:15 2012 RECEIVED <iq id='qxmpp3' type='result'><bind xmlns='urn:ietf:params:xml:ns:xmpp-bind'><jid>centraluser1@jabber.cz/QXmpp</jid></bind></iq>
so 24. 3 15:27:15 2012 SENT <iq id="qxmpp5" to="jabber.cz" type="set"><session xmlns="urn:ietf:params:xml:ns:xmpp-session"/></iq>
so 24. 3 15:27:15 2012 RECEIVED <iq type='result' from='jabber.cz' id='qxmpp5'><session xmlns='urn:ietf:params:xml:ns:xmpp-session'/></iq>
so 24. 3 15:27:15 2012 SENT <iq id="qxmpp7" from="centraluser1@jabber.cz/QXmpp" type="get"><query xmlns="jabber:iq:roster"/></iq>
so 24. 3 15:27:15 2012 SENT <presence><c xmlns="http://jabber.org/protocol/caps" hash="sha-1" node="http://code.google.com/p/qxmpp" ver="xy4Oj4xG7+BGVmhAK1F90idSId8="/></presence>
so 24. 3 15:27:15 2012 RECEIVED <iq from='centraluser1@jabber.cz' to='centraluser1@jabber.cz/QXmpp' id='qxmpp7' type='result'><query xmlns='jabber:iq:roster'><item subscription='both' name='terrainuser1' jid='terrainuser1@jabber.cz'/></query></iq>
so 24. 3 15:27:15 2012 RECEIVED <presence from='centraluser1@jabber.cz/QXmpp' to='centraluser1@jabber.cz/QXmpp'><c xmlns='http://jabber.org/protocol/caps' hash='sha-1' node='http://code.google.com/p/qxmpp' ver='xy4Oj4xG7+BGVmhAK1F90idSId8='/></presence>
so 24. 3 15:27:15 2012 RECEIVED <presence from='terrainuser1@jabber.cz/Gajim' to='centraluser1@jabber.cz/QXmpp' xml:lang='cs' id='136'><priority>50</priority><x xmlns='vcard-temp:x:update'><photo/></x><c xmlns='http://jabber.org/protocol/caps' node='http://gajim.org' ver='47EPEmSc9oqPGwcrbNtpKcYyJcE=' hash='sha-1'/><delay xmlns='urn:xmpp:delay' from='terrainuser1@jabber.cz/Gajim' stamp='2012-03-24T14:25:56Z'></delay><x xmlns='jabber:x:delay' stamp='20120324T14:25:56'/></presence>
so 24. 3 15:27:15 2012 RECEIVED <message from='terrainuser1@jabber.cz' to='centraluser1@jabber.cz/QXmpp'><event xmlns='http://jabber.org/protocol/pubsub#event'><items node='http://jabber.org/protocol/activity'><item id='0'><activity xmlns='http://jabber.org/protocol/activity'/></item></items></event><delay xmlns='urn:xmpp:delay' from='terrainuser1@jabber.cz/Gajim' stamp='2012-03-23T20:21:45Z'></delay></message>
so 24. 3 15:27:15 2012 RECEIVED <message from='terrainuser1@jabber.cz' to='centraluser1@jabber.cz/QXmpp'><event xmlns='http://jabber.org/protocol/pubsub#event'><items node='http://jabber.org/protocol/geoloc'><item id='53483082DEF54'><geoloc xmlns='http://jabber.org/protocol/geoloc' xml:lang='en'><lat>49.1957</lat><lon>16.6032</lon><alt>nan</alt><accuracy>1880.590000</accuracy></geoloc></item></items></event><delay xmlns='urn:xmpp:delay' from='terrainuser1@jabber.cz/QXmpp' stamp='2012-03-23T21:05:06Z'></delay></message>
so 24. 3 15:27:15 2012 RECEIVED <message from='terrainuser1@jabber.cz' to='centraluser1@jabber.cz/QXmpp'><event xmlns='http://jabber.org/protocol/pubsub#event'><items node='http://jabber.org/protocol/mood'><item id='0'><mood xmlns='http://jabber.org/protocol/mood'/></item></items></event><delay xmlns='urn:xmpp:delay' from='terrainuser1@jabber.cz/Gajim' stamp='2012-03-23T20:21:45Z'></delay></message>
so 24. 3 15:27:15 2012 RECEIVED <message from='centraluser1@jabber.cz' to='centraluser1@jabber.cz/QXmpp'><event xmlns='http://jabber.org/protocol/pubsub#event'><items node='http://jabber.org/protocol/activity'/></event></message>
so 24. 3 15:27:15 2012 RECEIVED <message from='centraluser1@jabber.cz' to='centraluser1@jabber.cz/QXmpp'><event xmlns='http://jabber.org/protocol/pubsub#event'><items node='http://jabber.org/protocol/activity'/></event></message>
so 24. 3 15:27:15 2012 RECEIVED <message from='terrainuser1@jabber.cz' to='centraluser1@jabber.cz/QXmpp'><event xmlns='http://jabber.org/protocol/pubsub#event'><items node='http://jabber.org/protocol/activity'><item id='0'><activity xmlns='http://jabber.org/protocol/activity'/></item></items></event><delay xmlns='urn:xmpp:delay' from='terrainuser1@jabber.cz/Gajim' stamp='2012-03-23T20:21:45Z'></delay></message>
so 24. 3 15:27:15 2012 RECEIVED <message from='centraluser1@jabber.cz' to='centraluser1@jabber.cz/QXmpp'><event xmlns='http://jabber.org/protocol/pubsub#event'><items node='http://jabber.org/protocol/mood'/></event></message>
so 24. 3 15:27:15 2012 RECEIVED <message from='centraluser1@jabber.cz' to='centraluser1@jabber.cz/QXmpp'><event xmlns='http://jabber.org/protocol/pubsub#event'><items node='http://jabber.org/protocol/mood'/></event></message>
so 24. 3 15:27:15 2012 RECEIVED <message from='terrainuser1@jabber.cz' to='centraluser1@jabber.cz/QXmpp'><event xmlns='http://jabber.org/protocol/pubsub#event'><items node='http://jabber.org/protocol/geoloc'><item id='53483082DEF54'><geoloc xmlns='http://jabber.org/protocol/geoloc' xml:lang='en'><lat>49.1957</lat><lon>16.6032</lon><alt>nan</alt><accuracy>1880.590000</accuracy></geoloc></item></items></event><delay xmlns='urn:xmpp:delay' from='terrainuser1@jabber.cz/QXmpp' stamp='2012-03-23T21:05:06Z'></delay></message>
so 24. 3 15:27:16 2012 RECEIVED <message from='terrainuser1@jabber.cz' to='centraluser1@jabber.cz/QXmpp'><event xmlns='http://jabber.org/protocol/pubsub#event'><items node='http://jabber.org/protocol/mood'><item id='0'><mood xmlns='http://jabber.org/protocol/mood'/></item></items></event><delay xmlns='urn:xmpp:delay' from='terrainuser1@jabber.cz/Gajim' stamp='2012-03-23T20:21:45Z'></delay></message>
