pá 23. 3 22:03:21 2012 DEBUG Looking up server for domain jabber.cz
pá 23. 3 22:03:21 2012 INFO Connecting to lb1-hap.jabbim.cz:5222
pá 23. 3 22:03:21 2012 INFO Socket connected to 88.86.102.50 5222
pá 23. 3 22:03:21 2012 SENT <?xml version='1.0'?><stream:stream to='jabber.cz' xmlns='jabber:client' xmlns:stream='http://etherx.jabber.org/streams' version='1.0'>
pá 23. 3 22:03:21 2012 RECEIVED <?xml version='1.0'?><stream:stream xmlns='jabber:client' xmlns:stream='http://etherx.jabber.org/streams' id='1193944127' from='jabber.cz' version='1.0' xml:lang='en'><stream:features><starttls xmlns='urn:ietf:params:xml:ns:xmpp-tls'/><compression xmlns='http://jabber.org/features/compress'><method>zlib</method></compression><mechanisms xmlns='urn:ietf:params:xml:ns:xmpp-sasl'><mechanism>PLAIN</mechanism><mechanism>DIGEST-MD5</mechanism><mechanism>SCRAM-SHA-1</mechanism></mechanisms><c xmlns='http://jabber.org/protocol/caps' hash='sha-1' node='http://www.process-one.net/en/ejabberd/' ver='giXiI0Ix9pWMXsJM+1JE3oB88u4='/><register xmlns='http://jabber.org/features/iq-register'/></stream:features>
pá 23. 3 22:03:21 2012 SENT <starttls xmlns='urn:ietf:params:xml:ns:xmpp-tls'/>
pá 23. 3 22:03:21 2012 RECEIVED <proceed xmlns='urn:ietf:params:xml:ns:xmpp-tls'/>
pá 23. 3 22:03:21 2012 DEBUG Starting encryption
pá 23. 3 22:03:21 2012 WARNING SSL errors
pá 23. 3 22:03:21 2012 WARNING The host name did not match any of the valid hosts for this certificate
pá 23. 3 22:03:21 2012 WARNING The root certificate of the certificate chain is self-signed, and untrusted
pá 23. 3 22:03:21 2012 DEBUG Socket encrypted
pá 23. 3 22:03:21 2012 SENT <?xml version='1.0'?><stream:stream to='jabber.cz' xmlns='jabber:client' xmlns:stream='http://etherx.jabber.org/streams' version='1.0'>
pá 23. 3 22:03:21 2012 RECEIVED <?xml version='1.0'?><stream:stream xmlns='jabber:client' xmlns:stream='http://etherx.jabber.org/streams' id='2065974254' from='jabber.cz' version='1.0' xml:lang='en'>
pá 23. 3 22:03:21 2012 RECEIVED <stream:features><compression xmlns='http://jabber.org/features/compress'><method>zlib</method></compression><mechanisms xmlns='urn:ietf:params:xml:ns:xmpp-sasl'><mechanism>PLAIN</mechanism><mechanism>DIGEST-MD5</mechanism><mechanism>SCRAM-SHA-1</mechanism></mechanisms><c xmlns='http://jabber.org/protocol/caps' hash='sha-1' node='http://www.process-one.net/en/ejabberd/' ver='giXiI0Ix9pWMXsJM+1JE3oB88u4='/><register xmlns='http://jabber.org/features/iq-register'/></stream:features>
pá 23. 3 22:03:21 2012 SENT <auth xmlns='urn:ietf:params:xml:ns:xmpp-sasl' mechanism='DIGEST-MD5'/>
pá 23. 3 22:03:22 2012 RECEIVED <challenge xmlns='urn:ietf:params:xml:ns:xmpp-sasl'>bm9uY2U9IjIzODA0NDYwOTQiLHFvcD0iYXV0aCIsY2hhcnNldD11dGYtOCxhbGdvcml0aG09bWQ1LXNlc3M=</challenge>
pá 23. 3 22:03:22 2012 SENT <response xmlns='urn:ietf:params:xml:ns:xmpp-sasl'>Y2hhcnNldD11dGYtOCxjbm9uY2U9IjY2Zy95bmswQmV4OGxjdVhwMWRjVjlmakdmdUJ4UWJXK1llSk9qVDBwMTg9IixkaWdlc3QtdXJpPSJ4bXBwL2phYmJlci5jeiIsbmM9MDAwMDAwMDEsbm9uY2U9MjM4MDQ0NjA5NCxxb3A9YXV0aCxyZXNwb25zZT1kNjk5MzdjZmYwZTliMzA1ODYwODZkZDEyNTc2Zjg0OCx1c2VybmFtZT10ZXJyYWludXNlcjE=</response>
pá 23. 3 22:03:22 2012 RECEIVED <challenge xmlns='urn:ietf:params:xml:ns:xmpp-sasl'>cnNwYXV0aD0wZmMxNWNhYjI3YmMyZGM1ODAyYjk2MzU4ZGYxNTZiNw==</challenge>
pá 23. 3 22:03:22 2012 SENT <response xmlns='urn:ietf:params:xml:ns:xmpp-sasl'/>
pá 23. 3 22:03:22 2012 RECEIVED <success xmlns='urn:ietf:params:xml:ns:xmpp-sasl'/>
pá 23. 3 22:03:22 2012 DEBUG Authenticated
pá 23. 3 22:03:22 2012 SENT <?xml version='1.0'?><stream:stream to='jabber.cz' xmlns='jabber:client' xmlns:stream='http://etherx.jabber.org/streams' version='1.0'>
pá 23. 3 22:03:22 2012 RECEIVED <?xml version='1.0'?><stream:stream xmlns='jabber:client' xmlns:stream='http://etherx.jabber.org/streams' id='517312252' from='jabber.cz' version='1.0' xml:lang='en'>
pá 23. 3 22:03:22 2012 RECEIVED <stream:features><bind xmlns='urn:ietf:params:xml:ns:xmpp-bind'/><session xmlns='urn:ietf:params:xml:ns:xmpp-session'/><ver xmlns='urn:xmpp:features:rosterver'><optional/></ver><c xmlns='http://jabber.org/protocol/caps' hash='sha-1' node='http://www.process-one.net/en/ejabberd/' ver='giXiI0Ix9pWMXsJM+1JE3oB88u4='/><register xmlns='http://jabber.org/features/iq-register'/></stream:features>
pá 23. 3 22:03:22 2012 SENT <iq id="qxmpp3" type="set"><bind xmlns="urn:ietf:params:xml:ns:xmpp-bind"><resource>QXmpp</resource></bind></iq>
pá 23. 3 22:03:22 2012 RECEIVED <iq id='qxmpp3' type='result'><bind xmlns='urn:ietf:params:xml:ns:xmpp-bind'><jid>terrainuser1@jabber.cz/QXmpp</jid></bind></iq>
pá 23. 3 22:03:22 2012 SENT <iq id="qxmpp5" to="jabber.cz" type="set"><session xmlns="urn:ietf:params:xml:ns:xmpp-session"/></iq>
pá 23. 3 22:03:22 2012 RECEIVED <iq type='result' from='jabber.cz' id='qxmpp5'><session xmlns='urn:ietf:params:xml:ns:xmpp-session'/></iq>
pá 23. 3 22:03:22 2012 SENT <presence><c xmlns="http://jabber.org/protocol/caps" hash="sha-1" node="http://code.google.com/p/qxmpp" ver="VXUHGOpv7WR8tp4gn1o9bLsVvv8="/></presence>
pá 23. 3 22:03:22 2012 SENT <iq id="qxmpp7" from="terrainuser1@jabber.cz/QXmpp" type="get"><query xmlns="jabber:iq:roster"/></iq>
pá 23. 3 22:03:22 2012 RECEIVED <presence from='terrainuser1@jabber.cz/QXmpp' to='terrainuser1@jabber.cz/QXmpp'><c xmlns='http://jabber.org/protocol/caps' hash='sha-1' node='http://code.google.com/p/qxmpp' ver='VXUHGOpv7WR8tp4gn1o9bLsVvv8='/></presence>
pá 23. 3 22:03:22 2012 RECEIVED <presence from='centraluser1@jabber.cz/QXmpp' to='terrainuser1@jabber.cz/QXmpp'><c xmlns='http://jabber.org/protocol/caps' hash='sha-1' node='http://code.google.com/p/qxmpp' ver='xy4Oj4xG7+BGVmhAK1F90idSId8='/><delay xmlns='urn:xmpp:delay' from='centraluser1@jabber.cz/QXmpp' stamp='2012-03-23T21:03:09Z'></delay><x xmlns='jabber:x:delay' stamp='20120323T21:03:09'/></presence>
pá 23. 3 22:03:22 2012 RECEIVED <iq from='terrainuser1@jabber.cz' to='terrainuser1@jabber.cz/QXmpp' id='qxmpp7' type='result'><query xmlns='jabber:iq:roster'><item subscription='both' jid='centraluser1@jabber.cz'/></query></iq>
pá 23. 3 22:03:22 2012 RECEIVED <message from='centraluser1@jabber.cz' to='terrainuser1@jabber.cz/QXmpp'><event xmlns='http://jabber.org/protocol/pubsub#event'><items node='http://jabber.org/protocol/activity'/></event></message>
pá 23. 3 22:03:22 2012 RECEIVED <message from='centraluser1@jabber.cz' to='terrainuser1@jabber.cz/QXmpp'><event xmlns='http://jabber.org/protocol/pubsub#event'><items node='http://jabber.org/protocol/mood'/></event></message>
pá 23. 3 22:03:22 2012 RECEIVED <message from='terrainuser1@jabber.cz' to='terrainuser1@jabber.cz/QXmpp'><event xmlns='http://jabber.org/protocol/pubsub#event'><items node='http://jabber.org/protocol/activity'><item id='0'><activity xmlns='http://jabber.org/protocol/activity'/></item></items></event><delay xmlns='urn:xmpp:delay' from='terrainuser1@jabber.cz/Gajim' stamp='2012-03-23T20:21:45Z'></delay></message>
pá 23. 3 22:03:22 2012 RECEIVED <message from='terrainuser1@jabber.cz' to='terrainuser1@jabber.cz/QXmpp'><event xmlns='http://jabber.org/protocol/pubsub#event'><items node='http://jabber.org/protocol/geoloc'><item id='53482E33179BF'><geoloc xmlns='http://jabber.org/protocol/geoloc' xml:lang='en'><lat>52.5057</lat><lon>13.3232</lon><alt>nan</alt><accuracy>1880.590000</accuracy></geoloc></item></items></event><delay xmlns='urn:xmpp:delay' from='terrainuser1@jabber.cz/QXmpp' stamp='2012-03-23T20:55:15Z'></delay></message>
pá 23. 3 22:03:22 2012 RECEIVED <message from='terrainuser1@jabber.cz' to='terrainuser1@jabber.cz/QXmpp'><event xmlns='http://jabber.org/protocol/pubsub#event'><items node='http://jabber.org/protocol/mood'><item id='0'><mood xmlns='http://jabber.org/protocol/mood'/></item></items></event><delay xmlns='urn:xmpp:delay' from='terrainuser1@jabber.cz/Gajim' stamp='2012-03-23T20:21:45Z'></delay></message>
pá 23. 3 22:03:22 2012 RECEIVED <message from='centraluser1@jabber.cz' to='terrainuser1@jabber.cz/QXmpp'><event xmlns='http://jabber.org/protocol/pubsub#event'><items node='http://jabber.org/protocol/activity'/></event></message>
pá 23. 3 22:03:22 2012 RECEIVED <message from='centraluser1@jabber.cz' to='terrainuser1@jabber.cz/QXmpp'><event xmlns='http://jabber.org/protocol/pubsub#event'><items node='http://jabber.org/protocol/mood'/></event></message>
pá 23. 3 22:03:22 2012 RECEIVED <message from='terrainuser1@jabber.cz' to='terrainuser1@jabber.cz/QXmpp'><event xmlns='http://jabber.org/protocol/pubsub#event'><items node='http://jabber.org/protocol/activity'><item id='0'><activity xmlns='http://jabber.org/protocol/activity'/></item></items></event><delay xmlns='urn:xmpp:delay' from='terrainuser1@jabber.cz/Gajim' stamp='2012-03-23T20:21:45Z'></delay></message>
pá 23. 3 22:03:22 2012 RECEIVED <message from='terrainuser1@jabber.cz' to='terrainuser1@jabber.cz/QXmpp'><event xmlns='http://jabber.org/protocol/pubsub#event'><items node='http://jabber.org/protocol/geoloc'><item id='53482E33179BF'><geoloc xmlns='http://jabber.org/protocol/geoloc' xml:lang='en'><lat>52.5057</lat><lon>13.3232</lon><alt>nan</alt><accuracy>1880.590000</accuracy></geoloc></item></items></event><delay xmlns='urn:xmpp:delay' from='terrainuser1@jabber.cz/QXmpp' stamp='2012-03-23T20:55:15Z'></delay></message>
pá 23. 3 22:03:22 2012 RECEIVED <message from='terrainuser1@jabber.cz' to='terrainuser1@jabber.cz/QXmpp'><event xmlns='http://jabber.org/protocol/pubsub#event'><items node='http://jabber.org/protocol/mood'><item id='0'><mood xmlns='http://jabber.org/protocol/mood'/></item></items></event><delay xmlns='urn:xmpp:delay' from='terrainuser1@jabber.cz/Gajim' stamp='2012-03-23T20:21:45Z'></delay></message>
pá 23. 3 22:03:26 2012 SENT <iq id="publish1111" from="terrainuser1@jabber.cz" type="set"><pubsub xmlns="http://jabber.org/protocol/pubsub"><publish node="http://jabber.org/protocol/geoloc"><item><geoloc xmlns="http://jabber.org/protocol/geoloc" xml:lang="en"><lat>52.5057</lat><lon>13.3232</lon><alt>nan</alt><accuracy>1880.590000</accuracy></geoloc></item></publish></pubsub></iq>
pá 23. 3 22:03:26 2012 RECEIVED <iq from='terrainuser1@jabber.cz' to='terrainuser1@jabber.cz/QXmpp' id='publish1111' type='result'><pubsub xmlns='http://jabber.org/protocol/pubsub'><publish node='http://jabber.org/protocol/geoloc'><item id='53483022D1BD7'/></publish></pubsub></iq>
pá 23. 3 22:03:32 2012 SENT <iq id="publish1111" from="terrainuser1@jabber.cz" type="set"><pubsub xmlns="http://jabber.org/protocol/pubsub"><publish node="http://jabber.org/protocol/geoloc"><item><geoloc xmlns="http://jabber.org/protocol/geoloc" xml:lang="en"><lat>52.5057</lat><lon>13.3232</lon><alt>nan</alt><accuracy>1880.590000</accuracy></geoloc></item></publish></pubsub></iq>
pá 23. 3 22:03:32 2012 RECEIVED <iq from='terrainuser1@jabber.cz' to='terrainuser1@jabber.cz/QXmpp' id='publish1111' type='result'><pubsub xmlns='http://jabber.org/protocol/pubsub'><publish node='http://jabber.org/protocol/geoloc'><item id='53483028D2B55'/></publish></pubsub></iq>
pá 23. 3 22:03:38 2012 SENT <iq id="publish1111" from="terrainuser1@jabber.cz" type="set"><pubsub xmlns="http://jabber.org/protocol/pubsub"><publish node="http://jabber.org/protocol/geoloc"><item><geoloc xmlns="http://jabber.org/protocol/geoloc" xml:lang="en"><lat>49.5057</lat><lon>16.3232</lon><alt>nan</alt><accuracy>1880.590000</accuracy></geoloc></item></publish></pubsub></iq>
pá 23. 3 22:03:38 2012 RECEIVED <iq from='terrainuser1@jabber.cz' to='terrainuser1@jabber.cz/QXmpp' id='publish1111' type='result'><pubsub xmlns='http://jabber.org/protocol/pubsub'><publish node='http://jabber.org/protocol/geoloc'><item id='5348302ED47AE'/></publish></pubsub></iq>
pá 23. 3 22:03:44 2012 SENT <iq id="publish1111" from="terrainuser1@jabber.cz" type="set"><pubsub xmlns="http://jabber.org/protocol/pubsub"><publish node="http://jabber.org/protocol/geoloc"><item><geoloc xmlns="http://jabber.org/protocol/geoloc" xml:lang="en"><lat>49.5057</lat><lon>16.3232</lon><alt>nan</alt><accuracy>1880.590000</accuracy></geoloc></item></publish></pubsub></iq>
pá 23. 3 22:03:44 2012 RECEIVED <iq from='terrainuser1@jabber.cz' to='terrainuser1@jabber.cz/QXmpp' id='publish1111' type='result'><pubsub xmlns='http://jabber.org/protocol/pubsub'><publish node='http://jabber.org/protocol/geoloc'><item id='53483034D4714'/></publish></pubsub></iq>
pá 23. 3 22:03:50 2012 SENT <iq id="publish1111" from="terrainuser1@jabber.cz" type="set"><pubsub xmlns="http://jabber.org/protocol/pubsub"><publish node="http://jabber.org/protocol/geoloc"><item><geoloc xmlns="http://jabber.org/protocol/geoloc" xml:lang="en"><lat>49.5057</lat><lon>16.3232</lon><alt>nan</alt><accuracy>1880.590000</accuracy></geoloc></item></publish></pubsub></iq>
pá 23. 3 22:03:50 2012 RECEIVED <iq from='terrainuser1@jabber.cz' to='terrainuser1@jabber.cz/QXmpp' id='publish1111' type='result'><pubsub xmlns='http://jabber.org/protocol/pubsub'><publish node='http://jabber.org/protocol/geoloc'><item id='5348303AD47D1'/></publish></pubsub></iq>
pá 23. 3 22:03:56 2012 SENT <iq id="publish1111" from="terrainuser1@jabber.cz" type="set"><pubsub xmlns="http://jabber.org/protocol/pubsub"><publish node="http://jabber.org/protocol/geoloc"><item><geoloc xmlns="http://jabber.org/protocol/geoloc" xml:lang="en"><lat>49.5057</lat><lon>16.3232</lon><alt>nan</alt><accuracy>1880.590000</accuracy></geoloc></item></publish></pubsub></iq>
pá 23. 3 22:03:56 2012 RECEIVED <iq from='terrainuser1@jabber.cz' to='terrainuser1@jabber.cz/QXmpp' id='publish1111' type='result'><pubsub xmlns='http://jabber.org/protocol/pubsub'><publish node='http://jabber.org/protocol/geoloc'><item id='53483040D72D7'/></publish></pubsub></iq>
pá 23. 3 22:04:02 2012 SENT <iq id="publish1111" from="terrainuser1@jabber.cz" type="set"><pubsub xmlns="http://jabber.org/protocol/pubsub"><publish node="http://jabber.org/protocol/geoloc"><item><geoloc xmlns="http://jabber.org/protocol/geoloc" xml:lang="en"><lat>49.5057</lat><lon>16.3232</lon><alt>nan</alt><accuracy>1880.590000</accuracy></geoloc></item></publish></pubsub></iq>
pá 23. 3 22:04:02 2012 RECEIVED <iq from='terrainuser1@jabber.cz' to='terrainuser1@jabber.cz/QXmpp' id='publish1111' type='result'><pubsub xmlns='http://jabber.org/protocol/pubsub'><publish node='http://jabber.org/protocol/geoloc'><item id='53483046D6B9F'/></publish></pubsub></iq>
pá 23. 3 22:04:08 2012 SENT <iq id="publish1111" from="terrainuser1@jabber.cz" type="set"><pubsub xmlns="http://jabber.org/protocol/pubsub"><publish node="http://jabber.org/protocol/geoloc"><item><geoloc xmlns="http://jabber.org/protocol/geoloc" xml:lang="en"><lat>49.5057</lat><lon>16.3232</lon><alt>nan</alt><accuracy>1880.590000</accuracy></geoloc></item></publish></pubsub></iq>
pá 23. 3 22:04:08 2012 RECEIVED <iq from='terrainuser1@jabber.cz' to='terrainuser1@jabber.cz/QXmpp' id='publish1111' type='result'><pubsub xmlns='http://jabber.org/protocol/pubsub'><publish node='http://jabber.org/protocol/geoloc'><item id='5348304CD7007'/></publish></pubsub></iq>
pá 23. 3 22:04:14 2012 SENT <iq id="publish1111" from="terrainuser1@jabber.cz" type="set"><pubsub xmlns="http://jabber.org/protocol/pubsub"><publish node="http://jabber.org/protocol/geoloc"><item><geoloc xmlns="http://jabber.org/protocol/geoloc" xml:lang="en"><lat>49.5057</lat><lon>16.3232</lon><alt>nan</alt><accuracy>1880.590000</accuracy></geoloc></item></publish></pubsub></iq>
pá 23. 3 22:04:14 2012 RECEIVED <iq from='terrainuser1@jabber.cz' to='terrainuser1@jabber.cz/QXmpp' id='publish1111' type='result'><pubsub xmlns='http://jabber.org/protocol/pubsub'><publish node='http://jabber.org/protocol/geoloc'><item id='53483052D87F5'/></publish></pubsub></iq>
pá 23. 3 22:04:20 2012 SENT <iq id="publish1111" from="terrainuser1@jabber.cz" type="set"><pubsub xmlns="http://jabber.org/protocol/pubsub"><publish node="http://jabber.org/protocol/geoloc"><item><geoloc xmlns="http://jabber.org/protocol/geoloc" xml:lang="en"><lat>49.5057</lat><lon>16.3232</lon><alt>nan</alt><accuracy>1880.590000</accuracy></geoloc></item></publish></pubsub></iq>
pá 23. 3 22:04:20 2012 RECEIVED <iq from='terrainuser1@jabber.cz' to='terrainuser1@jabber.cz/QXmpp' id='publish1111' type='result'><pubsub xmlns='http://jabber.org/protocol/pubsub'><publish node='http://jabber.org/protocol/geoloc'><item id='53483058D923B'/></publish></pubsub></iq>
pá 23. 3 22:04:22 2012 SENT <iq id="qxmpp29" to="jabber.cz" type="get"><ping xmlns="urn:xmpp:ping"/></iq>
pá 23. 3 22:04:22 2012 RECEIVED <iq from='jabber.cz' to='terrainuser1@jabber.cz/QXmpp' id='qxmpp29' type='result'/>
pá 23. 3 22:04:26 2012 SENT <iq id="publish1111" from="terrainuser1@jabber.cz" type="set"><pubsub xmlns="http://jabber.org/protocol/pubsub"><publish node="http://jabber.org/protocol/geoloc"><item><geoloc xmlns="http://jabber.org/protocol/geoloc" xml:lang="en"><lat>49.1957</lat><lon>16.3232</lon><alt>nan</alt><accuracy>1880.590000</accuracy></geoloc></item></publish></pubsub></iq>
pá 23. 3 22:04:26 2012 RECEIVED <iq from='terrainuser1@jabber.cz' to='terrainuser1@jabber.cz/QXmpp' id='publish1111' type='result'><pubsub xmlns='http://jabber.org/protocol/pubsub'><publish node='http://jabber.org/protocol/geoloc'><item id='5348305EDA2EB'/></publish></pubsub></iq>
pá 23. 3 22:04:32 2012 SENT <iq id="publish1111" from="terrainuser1@jabber.cz" type="set"><pubsub xmlns="http://jabber.org/protocol/pubsub"><publish node="http://jabber.org/protocol/geoloc"><item><geoloc xmlns="http://jabber.org/protocol/geoloc" xml:lang="en"><lat>49.1957</lat><lon>16.6032</lon><alt>nan</alt><accuracy>1880.590000</accuracy></geoloc></item></publish></pubsub></iq>
pá 23. 3 22:04:32 2012 RECEIVED <iq from='terrainuser1@jabber.cz' to='terrainuser1@jabber.cz/QXmpp' id='publish1111' type='result'><pubsub xmlns='http://jabber.org/protocol/pubsub'><publish node='http://jabber.org/protocol/geoloc'><item id='53483064DC443'/></publish></pubsub></iq>
pá 23. 3 22:04:38 2012 SENT <iq id="publish1111" from="terrainuser1@jabber.cz" type="set"><pubsub xmlns="http://jabber.org/protocol/pubsub"><publish node="http://jabber.org/protocol/geoloc"><item><geoloc xmlns="http://jabber.org/protocol/geoloc" xml:lang="en"><lat>49.1957</lat><lon>16.6032</lon><alt>nan</alt><accuracy>1880.590000</accuracy></geoloc></item></publish></pubsub></iq>
pá 23. 3 22:04:38 2012 RECEIVED <iq from='terrainuser1@jabber.cz' to='terrainuser1@jabber.cz/QXmpp' id='publish1111' type='result'><pubsub xmlns='http://jabber.org/protocol/pubsub'><publish node='http://jabber.org/protocol/geoloc'><item id='5348306ADC26C'/></publish></pubsub></iq>
pá 23. 3 22:04:44 2012 SENT <iq id="publish1111" from="terrainuser1@jabber.cz" type="set"><pubsub xmlns="http://jabber.org/protocol/pubsub"><publish node="http://jabber.org/protocol/geoloc"><item><geoloc xmlns="http://jabber.org/protocol/geoloc" xml:lang="en"><lat>49.1957</lat><lon>16.6032</lon><alt>nan</alt><accuracy>1880.590000</accuracy></geoloc></item></publish></pubsub></iq>
pá 23. 3 22:04:44 2012 RECEIVED <iq from='terrainuser1@jabber.cz' to='terrainuser1@jabber.cz/QXmpp' id='publish1111' type='result'><pubsub xmlns='http://jabber.org/protocol/pubsub'><publish node='http://jabber.org/protocol/geoloc'><item id='53483070DBFDE'/></publish></pubsub></iq>
pá 23. 3 22:04:50 2012 SENT <iq id="publish1111" from="terrainuser1@jabber.cz" type="set"><pubsub xmlns="http://jabber.org/protocol/pubsub"><publish node="http://jabber.org/protocol/geoloc"><item><geoloc xmlns="http://jabber.org/protocol/geoloc" xml:lang="en"><lat>49.1957</lat><lon>16.6032</lon><alt>nan</alt><accuracy>1880.590000</accuracy></geoloc></item></publish></pubsub></iq>
pá 23. 3 22:04:50 2012 RECEIVED <iq from='terrainuser1@jabber.cz' to='terrainuser1@jabber.cz/QXmpp' id='publish1111' type='result'><pubsub xmlns='http://jabber.org/protocol/pubsub'><publish node='http://jabber.org/protocol/geoloc'><item id='53483076E041B'/></publish></pubsub></iq>
pá 23. 3 22:04:56 2012 SENT <iq id="publish1111" from="terrainuser1@jabber.cz" type="set"><pubsub xmlns="http://jabber.org/protocol/pubsub"><publish node="http://jabber.org/protocol/geoloc"><item><geoloc xmlns="http://jabber.org/protocol/geoloc" xml:lang="en"><lat>49.1957</lat><lon>16.6032</lon><alt>nan</alt><accuracy>1880.590000</accuracy></geoloc></item></publish></pubsub></iq>
pá 23. 3 22:04:56 2012 RECEIVED <iq from='terrainuser1@jabber.cz' to='terrainuser1@jabber.cz/QXmpp' id='publish1111' type='result'><pubsub xmlns='http://jabber.org/protocol/pubsub'><publish node='http://jabber.org/protocol/geoloc'><item id='5348307CDDA3A'/></publish></pubsub></iq>
pá 23. 3 22:05:02 2012 SENT <iq id="publish1111" from="terrainuser1@jabber.cz" type="set"><pubsub xmlns="http://jabber.org/protocol/pubsub"><publish node="http://jabber.org/protocol/geoloc"><item><geoloc xmlns="http://jabber.org/protocol/geoloc" xml:lang="en"><lat>49.1957</lat><lon>16.6032</lon><alt>nan</alt><accuracy>1880.590000</accuracy></geoloc></item></publish></pubsub></iq>
pá 23. 3 22:05:02 2012 RECEIVED <iq from='terrainuser1@jabber.cz' to='terrainuser1@jabber.cz/QXmpp' id='publish1111' type='result'><pubsub xmlns='http://jabber.org/protocol/pubsub'><publish node='http://jabber.org/protocol/geoloc'><item id='53483082DEF54'/></publish></pubsub></iq>
pá 23. 3 22:05:03 2012 RECEIVED <presence from='centraluser1@jabber.cz/QXmpp' to='terrainuser1@jabber.cz/QXmpp' type='unavailable'/>
